<?xml version="1.0" encoding="UTF-8"?>
<!-- Generated by org.testng.reporters.JUnitXMLReporter -->
<testsuite ignored="0" hostname="inlen8520023665" failures="0" tests="3" name="Default test" time="0.063" errors="0" timestamp="2022-11-25T16:07:32 IST">
  <testcase classname="com.selenium.part5.NewTest" name="t" time="0.006"/>
  <testcase classname="com.selenium.part5.NewTest" name="testCase1" time="0.002"/>
  <testcase classname="com.selenium.part5.NewTest" name="testCase2" time="0.002"/>
</testsuite> <!-- Default test -->
