<?xml version="1.0" encoding="UTF-8"?>
<!-- Generated by org.testng.reporters.JUnitXMLReporter -->
<testsuite ignored="3" hostname="inlen8520023665" failures="0" tests="2" name="Test" time="0.058" errors="0" timestamp="2022-11-25T15:42:25 IST">
  <testcase classname="com.selenium.part5.TestNGGrouping" name="regression2" time="0.016"/>
  <testcase classname="com.selenium.part5.TestNGGrouping" name="regressionl" time="0.001"/>
  <testcase classname="com.selenium.part5.TestNGGrouping" name="smoke2" time="0.0">
    <ignored/>
  </testcase> <!-- smoke2 -->
  <testcase classname="com.selenium.part5.TestNGGrouping" name="smokel" time="0.0">
    <ignored/>
  </testcase> <!-- smokel -->
  <testcase classname="com.selenium.part5.TestNGGrouping" name="smokeAndRegression" time="0.0">
    <ignored/>
  </testcase> <!-- smokeAndRegression -->
</testsuite> <!-- Test -->
